#
# There is insufficient memory for the Java Runtime Environment to continue.
# Native memory allocation (malloc) failed to allocate 1254976 bytes for Chunk::new
# Possible reasons:
#   The system is out of physical RAM or swap space
#   The process is running with CompressedOops enabled, and the Java Heap may be blocking the growth of the native heap
# Possible solutions:
#   Reduce memory load on the system
#   Increase physical memory or swap space
#   Check if swap backing store is full
#   Decrease Java heap size (-Xmx/-Xms)
#   Decrease number of Java threads
#   Decrease Java thread stack sizes (-Xss)
#   Set larger code cache with -XX:ReservedCodeCacheSize=
#   JVM is running with Unscaled Compressed Oops mode in which the Java heap is
#     placed in the first 4GB address space. The Java Heap base address is the
#     maximum limit for the native heap growth. Please use -XX:HeapBaseMinAddress
#     to set the Java Heap base and to place the Java Heap above 4GB virtual address.
# This output file may be truncated or incomplete.
#
#  Out of Memory Error (./src/hotspot/share/memory/arena.cpp:197), pid=6020, tid=2336
#
# JRE version: OpenJDK Runtime Environment (11.0.11+9) (build 11.0.11+9-b60-7590822)
# Java VM: OpenJDK 64-Bit Server VM (11.0.11+9-b60-7590822, mixed mode, tiered, compressed oops, g1 gc, windows-amd64)
# No core dump will be written. Minidumps are not enabled by default on client versions of Windows
#

---------------  S U M M A R Y ------------

Command Line: --add-opens=java.base/java.util=ALL-UNNAMED --add-opens=java.base/java.lang=ALL-UNNAMED --add-opens=java.base/java.lang.invoke=ALL-UNNAMED --add-opens=java.base/java.util=ALL-UNNAMED --add-opens=java.prefs/java.util.prefs=ALL-UNNAMED --add-opens=java.prefs/java.util.prefs=ALL-UNNAMED --add-opens=java.base/java.nio.charset=ALL-UNNAMED --add-opens=java.base/java.net=ALL-UNNAMED --add-opens=java.base/java.util.concurrent.atomic=ALL-UNNAMED -Xmx2048m -Dfile.encoding=UTF-8 -Duser.country=SV -Duser.language=es -Duser.variant org.gradle.launcher.daemon.bootstrap.GradleDaemon 7.0.2

Host: Intel(R) Core(TM) i7-1065G7 CPU @ 1.30GHz, 8 cores, 11G,  Windows 10 , 64 bit Build 19041 (10.0.19041.1566)
Time: Mon Mar 28 22:20:29 2022 Hora estándar, América Central elapsed time: 13.071643 seconds (0d 0h 0m 13s)

---------------  T H R E A D  ---------------

Current thread (0x000002490107a000):  JavaThread "C2 CompilerThread1" daemon [_thread_in_native, id=2336, stack(0x00000056c7000000,0x00000056c7100000)]


Current CompileTask:
C2:  13071 7339 %     4       groovy.lang.MetaClassImpl::inheritInterfaceNewMetaMethods @ 100 (195 bytes)

Stack: [0x00000056c7000000,0x00000056c7100000]
Native frames: (J=compiled Java code, j=interpreted, Vv=VM code, C=native code)
V  [jvm.dll+0x5f214a]
V  [jvm.dll+0x726fb5]
V  [jvm.dll+0x7285cd]
V  [jvm.dll+0x728c83]
V  [jvm.dll+0x243278]
V  [jvm.dll+0xbc53c]
V  [jvm.dll+0xbca3c]
V  [jvm.dll+0x2b5c34]
V  [jvm.dll+0x508488]
V  [jvm.dll+0x203d53]
V  [jvm.dll+0x1fdbac]
V  [jvm.dll+0x1fb35f]
V  [jvm.dll+0x183d6c]
V  [jvm.dll+0x209a57]
V  [jvm.dll+0x2082a1]
V  [jvm.dll+0x6ef58f]
V  [jvm.dll+0x6e80b5]
V  [jvm.dll+0x5f1036]
C  [ucrtbase.dll+0x21bb2]
C  [KERNEL32.DLL+0x17034]
C  [ntdll.dll+0x52651]


---------------  P R O C E S S  ---------------

Threads class SMR info:
_java_thread_list=0x0000024904ae1260, length=52, elements={
0x0000024963d29800, 0x000002497ea11000, 0x000002497ea12000, 0x000002497e1cc800,
0x000002497e1cd800, 0x000002497ea6f800, 0x000002497ea70000, 0x000002497ea7c800,
0x000002497ea88000, 0x000002497ebf0000, 0x000002490068d000, 0x000002497ed80800,
0x000002497ed85000, 0x0000024902296800, 0x000002490016c000, 0x0000024901998000,
0x0000024900e75000, 0x00000249005d1800, 0x00000249002fe000, 0x000002497f6e2800,
0x000002497f6e3800, 0x000002497f6e4800, 0x000002497f6e5000, 0x000002490107a000,
0x0000024901b76000, 0x0000024901b79000, 0x0000024901b7a000, 0x0000024901b77800,
0x0000024901b76800, 0x0000024901b78000, 0x0000024901b74000, 0x0000024901b7f800,
0x0000024901b80800, 0x0000024901b7f000, 0x0000024901b7c800, 0x0000024901b83000,
0x0000024901f6e800, 0x0000024901f6d000, 0x0000024901f6c800, 0x0000024901f6f800,
0x0000024901f6a800, 0x0000024901f6a000, 0x0000024901f70800, 0x0000024901f6b800,
0x0000024901f72000, 0x0000024901f6e000, 0x0000024901f75800, 0x0000024901f73000,
0x0000024901f73800, 0x0000024901f74800, 0x0000024901f77000, 0x0000024901f71000
}

Java Threads: ( => current thread )
  0x0000024963d29800 JavaThread "main" [_thread_blocked, id=11992, stack(0x00000056c4900000,0x00000056c4a00000)]
  0x000002497ea11000 JavaThread "Reference Handler" daemon [_thread_blocked, id=6292, stack(0x00000056c5000000,0x00000056c5100000)]
  0x000002497ea12000 JavaThread "Finalizer" daemon [_thread_blocked, id=3604, stack(0x00000056c5100000,0x00000056c5200000)]
  0x000002497e1cc800 JavaThread "Signal Dispatcher" daemon [_thread_blocked, id=1760, stack(0x00000056c5300000,0x00000056c5400000)]
  0x000002497e1cd800 JavaThread "Attach Listener" daemon [_thread_blocked, id=4792, stack(0x00000056c5400000,0x00000056c5500000)]
  0x000002497ea6f800 JavaThread "Service Thread" daemon [_thread_blocked, id=904, stack(0x00000056c5500000,0x00000056c5600000)]
  0x000002497ea70000 JavaThread "C2 CompilerThread0" daemon [_thread_in_native, id=1496, stack(0x00000056c5600000,0x00000056c5700000)]
  0x000002497ea7c800 JavaThread "C1 CompilerThread0" daemon [_thread_blocked, id=11152, stack(0x00000056c5700000,0x00000056c5800000)]
  0x000002497ea88000 JavaThread "Sweeper thread" daemon [_thread_blocked, id=2696, stack(0x00000056c5800000,0x00000056c5900000)]
  0x000002497ebf0000 JavaThread "Common-Cleaner" daemon [_thread_blocked, id=748, stack(0x00000056c5900000,0x00000056c5a00000)]
  0x000002490068d000 JavaThread "Daemon health stats" [_thread_blocked, id=2652, stack(0x00000056c6000000,0x00000056c6100000)]
  0x000002497ed80800 JavaThread "Incoming local TCP Connector on port 50170" [_thread_in_native, id=8276, stack(0x00000056c5b00000,0x00000056c5c00000)]
  0x000002497ed85000 JavaThread "Daemon periodic checks" [_thread_blocked, id=5524, stack(0x00000056c5c00000,0x00000056c5d00000)]
  0x0000024902296800 JavaThread "Daemon" [_thread_blocked, id=10284, stack(0x00000056c6100000,0x00000056c6200000)]
  0x000002490016c000 JavaThread "Handler for socket connection from /127.0.0.1:50170 to /127.0.0.1:50171" [_thread_in_native, id=6044, stack(0x00000056c6200000,0x00000056c6300000)]
  0x0000024901998000 JavaThread "Cancel handler" [_thread_blocked, id=11736, stack(0x00000056c6400000,0x00000056c6500000)]
  0x0000024900e75000 JavaThread "Daemon worker" [_thread_in_Java, id=9796, stack(0x00000056c6500000,0x00000056c6600000)]
  0x00000249005d1800 JavaThread "Asynchronous log dispatcher for DefaultDaemonConnection: socket connection from /127.0.0.1:50170 to /127.0.0.1:50171" [_thread_blocked, id=12076, stack(0x00000056c6600000,0x00000056c6700000)]
  0x00000249002fe000 JavaThread "Stdin handler" [_thread_blocked, id=2072, stack(0x00000056c6700000,0x00000056c6800000)]
  0x000002497f6e2800 JavaThread "Daemon client event forwarder" [_thread_blocked, id=2212, stack(0x00000056c6800000,0x00000056c6900000)]
  0x000002497f6e3800 JavaThread "Cache worker for file hash cache (C:\Users\DEV LATMOBILE\.gradle\caches\7.0.2\fileHashes)" [_thread_blocked, id=2980, stack(0x00000056c6300000,0x00000056c6400000)]
  0x000002497f6e4800 JavaThread "File lock request listener" [_thread_in_native, id=2152, stack(0x00000056c6900000,0x00000056c6a00000)]
  0x000002497f6e5000 JavaThread "Cache worker for journal cache (C:\Users\DEV LATMOBILE\.gradle\caches\journal-1)" [_thread_blocked, id=5968, stack(0x00000056c6f00000,0x00000056c7000000)]
=>0x000002490107a000 JavaThread "C2 CompilerThread1" daemon [_thread_in_native, id=2336, stack(0x00000056c7000000,0x00000056c7100000)]
  0x0000024901b76000 JavaThread "Cache worker for file hash cache (C:\Users\DEV LATMOBILE\Desktop\Subastas(nasser) - copia\.gradle\7.0.2\fileHashes)" [_thread_blocked, id=9836, stack(0x00000056c7100000,0x00000056c7200000)]
  0x0000024901b79000 JavaThread "File watcher server" daemon [_thread_in_native, id=6280, stack(0x00000056c7200000,0x00000056c7300000)]
  0x0000024901b7a000 JavaThread "File watcher consumer" daemon [_thread_blocked, id=6892, stack(0x00000056c7300000,0x00000056c7400000)]
  0x0000024901b77800 JavaThread "Cache worker for checksums cache (C:\Users\DEV LATMOBILE\Desktop\Subastas(nasser) - copia\.gradle\checksums)" [_thread_blocked, id=5200, stack(0x00000056c7400000,0x00000056c7500000)]
  0x0000024901b76800 JavaThread "Cache worker for cache directory md-supplier (C:\Users\DEV LATMOBILE\.gradle\caches\7.0.2\md-supplier)" [_thread_blocked, id=1316, stack(0x00000056c7500000,0x00000056c7600000)]
  0x0000024901b78000 JavaThread "Cache worker for cache directory md-rule (C:\Users\DEV LATMOBILE\.gradle\caches\7.0.2\md-rule)" [_thread_blocked, id=12256, stack(0x00000056c7600000,0x00000056c7700000)]
  0x0000024901b74000 JavaThread "Cache worker for execution history cache (C:\Users\DEV LATMOBILE\.gradle\caches\7.0.2\executionHistory)" [_thread_blocked, id=6072, stack(0x00000056c7700000,0x00000056c7800000)]
  0x0000024901b7f800 JavaThread "jar transforms" [_thread_blocked, id=2976, stack(0x00000056c7800000,0x00000056c7900000)]
  0x0000024901b80800 JavaThread "jar transforms Thread 2" [_thread_blocked, id=9868, stack(0x00000056c7900000,0x00000056c7a00000)]
  0x0000024901b7f000 JavaThread "Cache worker for file content cache (C:\Users\DEV LATMOBILE\.gradle\caches\7.0.2\fileContent)" [_thread_blocked, id=3544, stack(0x00000056c7a00000,0x00000056c7b00000)]
  0x0000024901b7c800 JavaThread "Cache worker for dependencies-accessors (C:\Users\DEV LATMOBILE\Desktop\Subastas(nasser) - copia\.gradle\7.0.2\dependencies-accessors)" [_thread_blocked, id=1956, stack(0x00000056c7b00000,0x00000056c7c00000)]
  0x0000024901b83000 JavaThread "jar transforms Thread 3" [_thread_blocked, id=6400, stack(0x00000056c7c00000,0x00000056c7d00000)]
  0x0000024901f6e800 JavaThread "Cache worker for Build Output Cleanup Cache (C:\Users\DEV LATMOBILE\Desktop\Subastas(nasser) - copia\.gradle\buildOutputCleanup)" [_thread_blocked, id=8528, stack(0x00000056c7d00000,0x00000056c7e00000)]
  0x0000024901f6d000 JavaThread "Build operations" [_thread_blocked, id=1376, stack(0x00000056c7e00000,0x00000056c7f00000)]
  0x0000024901f6c800 JavaThread "Build operations Thread 2" [_thread_blocked, id=5020, stack(0x00000056c7f00000,0x00000056c8000000)]
  0x0000024901f6f800 JavaThread "Build operations Thread 3" [_thread_blocked, id=7040, stack(0x00000056c8000000,0x00000056c8100000)]
  0x0000024901f6a800 JavaThread "Build operations Thread 4" [_thread_blocked, id=11884, stack(0x00000056c8100000,0x00000056c8200000)]
  0x0000024901f6a000 JavaThread "Build operations Thread 5" [_thread_blocked, id=908, stack(0x00000056c8200000,0x00000056c8300000)]
  0x0000024901f70800 JavaThread "Build operations Thread 6" [_thread_blocked, id=3240, stack(0x00000056c8300000,0x00000056c8400000)]
  0x0000024901f6b800 JavaThread "Build operations Thread 7" [_thread_blocked, id=10528, stack(0x00000056c8400000,0x00000056c8500000)]
  0x0000024901f72000 JavaThread "Build operations Thread 8" [_thread_blocked, id=6412, stack(0x00000056c8500000,0x00000056c8600000)]
  0x0000024901f6e000 JavaThread "jar transforms Thread 4" [_thread_blocked, id=7120, stack(0x00000056c8600000,0x00000056c8700000)]
  0x0000024901f75800 JavaThread "jar transforms Thread 5" [_thread_blocked, id=9552, stack(0x00000056c8700000,0x00000056c8800000)]
  0x0000024901f73000 JavaThread "jar transforms Thread 6" [_thread_blocked, id=6828, stack(0x00000056c8800000,0x00000056c8900000)]
  0x0000024901f73800 JavaThread "jar transforms Thread 7" [_thread_blocked, id=5508, stack(0x00000056c8900000,0x00000056c8a00000)]
  0x0000024901f74800 JavaThread "jar transforms Thread 8" [_thread_blocked, id=1264, stack(0x00000056c8a00000,0x00000056c8b00000)]
  0x0000024901f77000 JavaThread "Memory manager" [_thread_blocked, id=11504, stack(0x00000056c8f00000,0x00000056c9000000)]
  0x0000024901f71000 JavaThread "build event listener" [_thread_blocked, id=2768, stack(0x00000056c9000000,0x00000056c9100000)]

Other Threads:
  0x000002497ea0a000 VMThread "VM Thread" [stack: 0x00000056c4f00000,0x00000056c5000000] [id=5344]
  0x000002497ec09000 WatcherThread [stack: 0x00000056c5a00000,0x00000056c5b00000] [id=7828]
  0x0000024963d44000 GCTaskThread "GC Thread#0" [stack: 0x00000056c4a00000,0x00000056c4b00000] [id=4232]
  0x00000249006ae000 GCTaskThread "GC Thread#1" [stack: 0x00000056c5d00000,0x00000056c5e00000] [id=3720]
  0x0000024900569800 GCTaskThread "GC Thread#2" [stack: 0x00000056c5e00000,0x00000056c5f00000] [id=6488]
  0x0000024900509000 GCTaskThread "GC Thread#3" [stack: 0x00000056c5f00000,0x00000056c6000000] [id=7604]
  0x0000024901995000 GCTaskThread "GC Thread#4" [stack: 0x00000056c6a00000,0x00000056c6b00000] [id=9712]
  0x0000024900abe800 GCTaskThread "GC Thread#5" [stack: 0x00000056c6b00000,0x00000056c6c00000] [id=2180]
  0x0000024900abf000 GCTaskThread "GC Thread#6" [stack: 0x00000056c6c00000,0x00000056c6d00000] [id=1124]
  0x0000024901683800 GCTaskThread "GC Thread#7" [stack: 0x00000056c6d00000,0x00000056c6e00000] [id=8984]
  0x0000024963d75000 ConcurrentGCThread "G1 Main Marker" [stack: 0x00000056c4b00000,0x00000056c4c00000] [id=11472]
  0x0000024963d76800 ConcurrentGCThread "G1 Conc#0" [stack: 0x00000056c4c00000,0x00000056c4d00000] [id=11396]
  0x00000249008e3800 ConcurrentGCThread "G1 Conc#1" [stack: 0x00000056c6e00000,0x00000056c6f00000] [id=6924]
  0x000002497e051800 ConcurrentGCThread "G1 Refine#0" [stack: 0x00000056c4d00000,0x00000056c4e00000] [id=3356]
  0x00000249050a2800 ConcurrentGCThread "G1 Refine#1" [stack: 0x00000056c8b00000,0x00000056c8c00000] [id=1396]
  0x000002490624a800 ConcurrentGCThread "G1 Refine#2" [stack: 0x00000056c8c00000,0x00000056c8d00000] [id=3832]
  0x0000024905057000 ConcurrentGCThread "G1 Refine#3" [stack: 0x00000056c8d00000,0x00000056c8e00000] [id=11524]
  0x000002497ef82800 ConcurrentGCThread "G1 Refine#4" [stack: 0x00000056c8e00000,0x00000056c8f00000] [id=3896]
  0x000002497e052800 ConcurrentGCThread "G1 Young RemSet Sampling" [stack: 0x00000056c4e00000,0x00000056c4f00000] [id=10780]

Threads with active compile tasks:
C2 CompilerThread0  13091 7514 %     4       org.gradle.internal.instantiation.generator.AbstractClassGenerator::inspectType @ 77 (560 bytes)
C2 CompilerThread1  13091 7339 %     4       groovy.lang.MetaClassImpl::inheritInterfaceNewMetaMethods @ 100 (195 bytes)

VM state:not at safepoint (normal execution)

VM Mutex/Monitor currently owned by a thread: None

Heap address: 0x0000000080000000, size: 2048 MB, Compressed Oops mode: 32-bit
Narrow klass base: 0x0000000000000000, Narrow klass shift: 3
Compressed class space size: 1073741824 Address: 0x0000000100000000

Heap:
 garbage-first heap   total 194560K, used 81850K [0x0000000080000000, 0x0000000100000000)
  region size 1024K, 18 young (18432K), 6 survivors (6144K)
 Metaspace       used 76211K, capacity 78002K, committed 78156K, reserved 1116160K
  class space    used 9879K, capacity 10533K, committed 10572K, reserved 1048576K
Heap Regions: E=young(eden), S=young(survivor), O=old, HS=humongous(starts), HC=humongous(continues), CS=collection set, F=free, A=archive, TAMS=top-at-mark-start (previous, next)
|   0|0x0000000080000000, 0x0000000080100000, 0x0000000080100000|100%| O|  |TAMS 0x0000000080100000, 0x0000000080000000| Untracked 
|   1|0x0000000080100000, 0x0000000080200000, 0x0000000080200000|100%| O|  |TAMS 0x0000000080200000, 0x0000000080100000| Untracked 
|   2|0x0000000080200000, 0x0000000080300000, 0x0000000080300000|100%| O|  |TAMS 0x0000000080300000, 0x0000000080200000| Untracked 
|   3|0x0000000080300000, 0x0000000080400000, 0x0000000080400000|100%|HS|  |TAMS 0x0000000080400000, 0x0000000080300000| Complete 
|   4|0x0000000080400000, 0x0000000080500000, 0x0000000080500000|100%|HC|  |TAMS 0x0000000080500000, 0x0000000080400000| Complete 
|   5|0x0000000080500000, 0x0000000080600000, 0x0000000080600000|100%|HC|  |TAMS 0x0000000080600000, 0x0000000080500000| Complete 
|   6|0x0000000080600000, 0x0000000080700000, 0x0000000080700000|100%| O|  |TAMS 0x0000000080700000, 0x0000000080600000| Untracked 
|   7|0x0000000080700000, 0x0000000080800000, 0x0000000080800000|100%| O|  |TAMS 0x0000000080800000, 0x0000000080700000| Untracked 
|   8|0x0000000080800000, 0x0000000080900000, 0x0000000080900000|100%| O|  |TAMS 0x0000000080900000, 0x0000000080800000| Untracked 
|   9|0x0000000080900000, 0x0000000080a00000, 0x0000000080a00000|100%| O|  |TAMS 0x0000000080a00000, 0x0000000080900000| Untracked 
|  10|0x0000000080a00000, 0x0000000080b00000, 0x0000000080b00000|100%| O|  |TAMS 0x0000000080b00000, 0x0000000080a00000| Untracked 
|  11|0x0000000080b00000, 0x0000000080c00000, 0x0000000080c00000|100%| O|  |TAMS 0x0000000080c00000, 0x0000000080b00000| Untracked 
|  12|0x0000000080c00000, 0x0000000080d00000, 0x0000000080d00000|100%| O|  |TAMS 0x0000000080d00000, 0x0000000080c00000| Untracked 
|  13|0x0000000080d00000, 0x0000000080e00000, 0x0000000080e00000|100%| O|  |TAMS 0x0000000080e00000, 0x0000000080d00000| Untracked 
|  14|0x0000000080e00000, 0x0000000080f00000, 0x0000000080f00000|100%| O|  |TAMS 0x0000000080f00000, 0x0000000080e00000| Untracked 
|  15|0x0000000080f00000, 0x0000000081000000, 0x0000000081000000|100%| O|  |TAMS 0x0000000081000000, 0x0000000080f00000| Untracked 
|  16|0x0000000081000000, 0x0000000081100000, 0x0000000081100000|100%| O|  |TAMS 0x0000000081100000, 0x0000000081000000| Untracked 
|  17|0x0000000081100000, 0x0000000081200000, 0x0000000081200000|100%|HS|  |TAMS 0x0000000081200000, 0x0000000081100000| Complete 
|  18|0x0000000081200000, 0x0000000081300000, 0x0000000081300000|100%|HS|  |TAMS 0x0000000081300000, 0x0000000081200000| Complete 
|  19|0x0000000081300000, 0x0000000081400000, 0x0000000081400000|100%|HS|  |TAMS 0x0000000081400000, 0x0000000081300000| Complete 
|  20|0x0000000081400000, 0x0000000081500000, 0x0000000081500000|100%|HS|  |TAMS 0x0000000081500000, 0x0000000081400000| Complete 
|  21|0x0000000081500000, 0x0000000081600000, 0x0000000081600000|100%|HC|  |TAMS 0x0000000081600000, 0x0000000081500000| Complete 
|  22|0x0000000081600000, 0x0000000081700000, 0x0000000081700000|100%|HC|  |TAMS 0x0000000081700000, 0x0000000081600000| Complete 
|  23|0x0000000081700000, 0x0000000081800000, 0x0000000081800000|100%|HS|  |TAMS 0x0000000081800000, 0x0000000081700000| Complete 
|  24|0x0000000081800000, 0x0000000081900000, 0x0000000081900000|100%|HC|  |TAMS 0x0000000081900000, 0x0000000081800000| Complete 
|  25|0x0000000081900000, 0x0000000081a00000, 0x0000000081a00000|100%| O|  |TAMS 0x0000000081a00000, 0x0000000081900000| Untracked 
|  26|0x0000000081a00000, 0x0000000081b00000, 0x0000000081b00000|100%| O|  |TAMS 0x0000000081b00000, 0x0000000081a00000| Untracked 
|  27|0x0000000081b00000, 0x0000000081c00000, 0x0000000081c00000|100%| O|  |TAMS 0x0000000081c00000, 0x0000000081b00000| Untracked 
|  28|0x0000000081c00000, 0x0000000081d00000, 0x0000000081d00000|100%| O|  |TAMS 0x0000000081d00000, 0x0000000081c00000| Untracked 
|  29|0x0000000081d00000, 0x0000000081e00000, 0x0000000081e00000|100%| O|  |TAMS 0x0000000081e00000, 0x0000000081d00000| Untracked 
|  30|0x0000000081e00000, 0x0000000081f00000, 0x0000000081f00000|100%| O|  |TAMS 0x0000000081f00000, 0x0000000081e00000| Untracked 
|  31|0x0000000081f00000, 0x0000000082000000, 0x0000000082000000|100%| O|  |TAMS 0x0000000082000000, 0x0000000081f00000| Untracked 
|  32|0x0000000082000000, 0x0000000082100000, 0x0000000082100000|100%| O|  |TAMS 0x0000000082100000, 0x0000000082000000| Untracked 
|  33|0x0000000082100000, 0x0000000082200000, 0x0000000082200000|100%| O|  |TAMS 0x0000000082200000, 0x0000000082100000| Untracked 
|  34|0x0000000082200000, 0x0000000082300000, 0x0000000082300000|100%| O|  |TAMS 0x0000000082300000, 0x0000000082200000| Untracked 
|  35|0x0000000082300000, 0x0000000082400000, 0x0000000082400000|100%| O|  |TAMS 0x0000000082400000, 0x0000000082300000| Untracked 
|  36|0x0000000082400000, 0x0000000082500000, 0x0000000082500000|100%| O|  |TAMS 0x0000000082500000, 0x0000000082400000| Untracked 
|  37|0x0000000082500000, 0x0000000082600000, 0x0000000082600000|100%| O|  |TAMS 0x0000000082600000, 0x0000000082500000| Untracked 
|  38|0x0000000082600000, 0x0000000082700000, 0x0000000082700000|100%| O|  |TAMS 0x0000000082700000, 0x0000000082600000| Untracked 
|  39|0x0000000082700000, 0x0000000082800000, 0x0000000082800000|100%| O|  |TAMS 0x0000000082800000, 0x0000000082700000| Untracked 
|  40|0x0000000082800000, 0x0000000082900000, 0x0000000082900000|100%| O|  |TAMS 0x0000000082900000, 0x0000000082800000| Untracked 
|  41|0x0000000082900000, 0x0000000082a00000, 0x0000000082a00000|100%| O|  |TAMS 0x0000000082a00000, 0x0000000082900000| Untracked 
|  42|0x0000000082a00000, 0x0000000082b00000, 0x0000000082b00000|100%| O|  |TAMS 0x0000000082b00000, 0x0000000082a00000| Untracked 
|  43|0x0000000082b00000, 0x0000000082c00000, 0x0000000082c00000|100%| O|  |TAMS 0x0000000082c00000, 0x0000000082b00000| Untracked 
|  44|0x0000000082c00000, 0x0000000082d00000, 0x0000000082d00000|100%| O|  |TAMS 0x0000000082d00000, 0x0000000082c00000| Untracked 
|  45|0x0000000082d00000, 0x0000000082e00000, 0x0000000082e00000|100%| O|  |TAMS 0x0000000082e00000, 0x0000000082d00000| Untracked 
|  46|0x0000000082e00000, 0x0000000082f00000, 0x0000000082f00000|100%| O|  |TAMS 0x0000000082f00000, 0x0000000082e00000| Untracked 
|  47|0x0000000082f00000, 0x0000000083000000, 0x0000000083000000|100%| O|  |TAMS 0x0000000083000000, 0x0000000082f00000| Untracked 
|  48|0x0000000083000000, 0x0000000083100000, 0x0000000083100000|100%| O|  |TAMS 0x0000000083100000, 0x0000000083000000| Untracked 
|  49|0x0000000083100000, 0x0000000083200000, 0x0000000083200000|100%| O|  |TAMS 0x0000000083157a00, 0x0000000083100000| Untracked 
|  50|0x0000000083200000, 0x0000000083300000, 0x0000000083300000|100%| O|  |TAMS 0x0000000083200000, 0x0000000083200000| Untracked 
|  51|0x0000000083300000, 0x0000000083400000, 0x0000000083400000|100%| O|  |TAMS 0x0000000083300000, 0x0000000083300000| Untracked 
|  52|0x0000000083400000, 0x0000000083500000, 0x0000000083500000|100%| O|  |TAMS 0x0000000083400000, 0x0000000083400000| Untracked 
|  53|0x0000000083500000, 0x0000000083600000, 0x0000000083600000|100%| O|  |TAMS 0x0000000083500000, 0x0000000083500000| Untracked 
|  54|0x0000000083600000, 0x0000000083700000, 0x0000000083700000|100%| O|  |TAMS 0x0000000083600000, 0x0000000083600000| Untracked 
|  55|0x0000000083700000, 0x0000000083800000, 0x0000000083800000|100%| O|  |TAMS 0x0000000083700000, 0x0000000083700000| Untracked 
|  56|0x0000000083800000, 0x0000000083900000, 0x0000000083900000|100%| O|  |TAMS 0x0000000083800000, 0x0000000083800000| Untracked 
|  57|0x0000000083900000, 0x0000000083a00000, 0x0000000083a00000|100%| O|  |TAMS 0x0000000083900000, 0x0000000083900000| Untracked 
|  58|0x0000000083a00000, 0x0000000083b00000, 0x0000000083b00000|100%| O|  |TAMS 0x0000000083a00000, 0x0000000083a00000| Untracked 
|  59|0x0000000083b00000, 0x0000000083c00000, 0x0000000083c00000|100%| O|  |TAMS 0x0000000083b00000, 0x0000000083b00000| Untracked 
|  60|0x0000000083c00000, 0x0000000083d00000, 0x0000000083d00000|100%| O|  |TAMS 0x0000000083c00000, 0x0000000083c00000| Untracked 
|  61|0x0000000083d00000, 0x0000000083e00000, 0x0000000083e00000|100%| O|  |TAMS 0x0000000083d00000, 0x0000000083d00000| Untracked 
|  62|0x0000000083e00000, 0x0000000083eeea00, 0x0000000083f00000| 93%| O|  |TAMS 0x0000000083e00000, 0x0000000083e00000| Untracked 
|  63|0x0000000083f00000, 0x0000000083f00000, 0x0000000084000000|  0%| F|  |TAMS 0x0000000083f00000, 0x0000000083f00000| Untracked 
|  64|0x0000000084000000, 0x0000000084000000, 0x0000000084100000|  0%| F|  |TAMS 0x0000000084000000, 0x0000000084000000| Untracked 
|  65|0x0000000084100000, 0x0000000084100000, 0x0000000084200000|  0%| F|  |TAMS 0x0000000084100000, 0x0000000084100000| Untracked 
|  66|0x0000000084200000, 0x0000000084200000, 0x0000000084300000|  0%| F|  |TAMS 0x0000000084200000, 0x0000000084200000| Untracked 
|  67|0x0000000084300000, 0x0000000084300000, 0x0000000084400000|  0%| F|  |TAMS 0x0000000084300000, 0x0000000084300000| Untracked 
|  68|0x0000000084400000, 0x0000000084400000, 0x0000000084500000|  0%| F|  |TAMS 0x0000000084400000, 0x0000000084400000| Untracked 
|  69|0x0000000084500000, 0x0000000084500000, 0x0000000084600000|  0%| F|  |TAMS 0x0000000084500000, 0x0000000084500000| Untracked 
|  70|0x0000000084600000, 0x0000000084600000, 0x0000000084700000|  0%| F|  |TAMS 0x0000000084600000, 0x0000000084600000| Untracked 
|  71|0x0000000084700000, 0x0000000084700000, 0x0000000084800000|  0%| F|  |TAMS 0x0000000084700000, 0x0000000084700000| Untracked 
|  72|0x0000000084800000, 0x0000000084800000, 0x0000000084900000|  0%| F|  |TAMS 0x0000000084800000, 0x0000000084800000| Untracked 
|  73|0x0000000084900000, 0x0000000084900000, 0x0000000084a00000|  0%| F|  |TAMS 0x0000000084900000, 0x0000000084900000| Untracked 
|  74|0x0000000084a00000, 0x0000000084a00000, 0x0000000084b00000|  0%| F|  |TAMS 0x0000000084a00000, 0x0000000084a00000| Untracked 
|  75|0x0000000084b00000, 0x0000000084b00000, 0x0000000084c00000|  0%| F|  |TAMS 0x0000000084b00000, 0x0000000084b00000| Untracked 
|  76|0x0000000084c00000, 0x0000000084c00000, 0x0000000084d00000|  0%| F|  |TAMS 0x0000000084c00000, 0x0000000084c00000| Untracked 
|  77|0x0000000084d00000, 0x0000000084d00000, 0x0000000084e00000|  0%| F|  |TAMS 0x0000000084d00000, 0x0000000084d00000| Untracked 
|  78|0x0000000084e00000, 0x0000000084e00000, 0x0000000084f00000|  0%| F|  |TAMS 0x0000000084e00000, 0x0000000084e00000| Untracked 
|  79|0x0000000084f00000, 0x0000000084f00000, 0x0000000085000000|  0%| F|  |TAMS 0x0000000084f00000, 0x0000000084f00000| Untracked 
|  80|0x0000000085000000, 0x0000000085000000, 0x0000000085100000|  0%| F|  |TAMS 0x0000000085000000, 0x0000000085000000| Untracked 
|  81|0x0000000085100000, 0x0000000085100000, 0x0000000085200000|  0%| F|  |TAMS 0x0000000085100000, 0x0000000085100000| Untracked 
|  82|0x0000000085200000, 0x0000000085200000, 0x0000000085300000|  0%| F|  |TAMS 0x0000000085200000, 0x0000000085200000| Untracked 
|  83|0x0000000085300000, 0x0000000085300000, 0x0000000085400000|  0%| F|  |TAMS 0x0000000085300000, 0x0000000085300000| Untracked 
|  84|0x0000000085400000, 0x0000000085400000, 0x0000000085500000|  0%| F|  |TAMS 0x0000000085400000, 0x0000000085400000| Untracked 
|  85|0x0000000085500000, 0x0000000085500000, 0x0000000085600000|  0%| F|  |TAMS 0x0000000085500000, 0x0000000085500000| Untracked 
|  86|0x0000000085600000, 0x0000000085600000, 0x0000000085700000|  0%| F|  |TAMS 0x0000000085600000, 0x0000000085600000| Untracked 
|  87|0x0000000085700000, 0x0000000085700000, 0x0000000085800000|  0%| F|  |TAMS 0x0000000085700000, 0x0000000085700000| Untracked 
|  88|0x0000000085800000, 0x0000000085800000, 0x0000000085900000|  0%| F|  |TAMS 0x0000000085800000, 0x0000000085800000| Untracked 
|  89|0x0000000085900000, 0x0000000085900000, 0x0000000085a00000|  0%| F|  |TAMS 0x0000000085900000, 0x0000000085900000| Untracked 
|  90|0x0000000085a00000, 0x0000000085a00000, 0x0000000085b00000|  0%| F|  |TAMS 0x0000000085a00000, 0x0000000085a00000| Untracked 
|  91|0x0000000085b00000, 0x0000000085b00000, 0x0000000085c00000|  0%| F|  |TAMS 0x0000000085b00000, 0x0000000085b00000| Untracked 
|  92|0x0000000085c00000, 0x0000000085c00000, 0x0000000085d00000|  0%| F|  |TAMS 0x0000000085c00000, 0x0000000085c00000| Untracked 
|  93|0x0000000085d00000, 0x0000000085d00000, 0x0000000085e00000|  0%| F|  |TAMS 0x0000000085d00000, 0x0000000085d00000| Untracked 
|  94|0x0000000085e00000, 0x0000000085e00000, 0x0000000085f00000|  0%| F|  |TAMS 0x0000000085e00000, 0x0000000085e00000| Untracked 
|  95|0x0000000085f00000, 0x0000000085f00000, 0x0000000086000000|  0%| F|  |TAMS 0x0000000085f00000, 0x0000000085f00000| Untracked 
|  96|0x0000000086000000, 0x0000000086000000, 0x0000000086100000|  0%| F|  |TAMS 0x0000000086000000, 0x0000000086000000| Untracked 
|  97|0x0000000086100000, 0x0000000086100000, 0x0000000086200000|  0%| F|  |TAMS 0x0000000086100000, 0x0000000086100000| Untracked 
|  98|0x0000000086200000, 0x0000000086200000, 0x0000000086300000|  0%| F|  |TAMS 0x0000000086200000, 0x0000000086200000| Untracked 
|  99|0x0000000086300000, 0x0000000086300000, 0x0000000086400000|  0%| F|  |TAMS 0x0000000086300000, 0x0000000086300000| Untracked 
| 100|0x0000000086400000, 0x0000000086400000, 0x0000000086500000|  0%| F|  |TAMS 0x0000000086400000, 0x0000000086400000| Untracked 
| 101|0x0000000086500000, 0x0000000086500000, 0x0000000086600000|  0%| F|  |TAMS 0x0000000086500000, 0x0000000086500000| Untracked 
| 102|0x0000000086600000, 0x0000000086600000, 0x0000000086700000|  0%| F|  |TAMS 0x0000000086600000, 0x0000000086600000| Untracked 
| 103|0x0000000086700000, 0x0000000086700000, 0x0000000086800000|  0%| F|  |TAMS 0x0000000086700000, 0x0000000086700000| Untracked 
| 104|0x0000000086800000, 0x0000000086900000, 0x0000000086900000|100%| S|CS|TAMS 0x0000000086800000, 0x0000000086800000| Complete 
| 105|0x0000000086900000, 0x0000000086a00000, 0x0000000086a00000|100%| S|CS|TAMS 0x0000000086900000, 0x0000000086900000| Complete 
| 106|0x0000000086a00000, 0x0000000086b00000, 0x0000000086b00000|100%| S|CS|TAMS 0x0000000086a00000, 0x0000000086a00000| Complete 
| 107|0x0000000086b00000, 0x0000000086c00000, 0x0000000086c00000|100%| S|CS|TAMS 0x0000000086b00000, 0x0000000086b00000| Complete 
| 108|0x0000000086c00000, 0x0000000086d00000, 0x0000000086d00000|100%| S|CS|TAMS 0x0000000086c00000, 0x0000000086c00000| Complete 
| 109|0x0000000086d00000, 0x0000000086d00000, 0x0000000086e00000|  0%| F|  |TAMS 0x0000000086d00000, 0x0000000086d00000| Untracked 
| 110|0x0000000086e00000, 0x0000000086e00000, 0x0000000086f00000|  0%| F|  |TAMS 0x0000000086e00000, 0x0000000086e00000| Untracked 
| 111|0x0000000086f00000, 0x0000000086f00000, 0x0000000087000000|  0%| F|  |TAMS 0x0000000086f00000, 0x0000000086f00000| Untracked 
| 112|0x0000000087000000, 0x0000000087100000, 0x0000000087100000|100%| S|CS|TAMS 0x0000000087000000, 0x0000000087000000| Complete 
| 113|0x0000000087100000, 0x0000000087100000, 0x0000000087200000|  0%| F|  |TAMS 0x0000000087100000, 0x0000000087100000| Untracked 
| 114|0x0000000087200000, 0x0000000087200000, 0x0000000087300000|  0%| F|  |TAMS 0x0000000087200000, 0x0000000087200000| Untracked 
| 115|0x0000000087300000, 0x0000000087300000, 0x0000000087400000|  0%| F|  |TAMS 0x0000000087300000, 0x0000000087300000| Untracked 
| 116|0x0000000087400000, 0x0000000087400000, 0x0000000087500000|  0%| F|  |TAMS 0x0000000087400000, 0x0000000087400000| Untracked 
| 117|0x0000000087500000, 0x0000000087500000, 0x0000000087600000|  0%| F|  |TAMS 0x0000000087500000, 0x0000000087500000| Untracked 
| 118|0x0000000087600000, 0x0000000087600000, 0x0000000087700000|  0%| F|  |TAMS 0x0000000087600000, 0x0000000087600000| Untracked 
| 119|0x0000000087700000, 0x0000000087700000, 0x0000000087800000|  0%| F|  |TAMS 0x0000000087700000, 0x0000000087700000| Untracked 
| 120|0x0000000087800000, 0x0000000087800000, 0x0000000087900000|  0%| F|  |TAMS 0x0000000087800000, 0x0000000087800000| Untracked 
| 121|0x0000000087900000, 0x0000000087900000, 0x0000000087a00000|  0%| F|  |TAMS 0x0000000087900000, 0x0000000087900000| Untracked 
| 122|0x0000000087a00000, 0x0000000087a00000, 0x0000000087b00000|  0%| F|  |TAMS 0x0000000087a00000, 0x0000000087a00000| Untracked 
| 123|0x0000000087b00000, 0x0000000087b00000, 0x0000000087c00000|  0%| F|  |TAMS 0x0000000087b00000, 0x0000000087b00000| Untracked 
| 124|0x0000000087c00000, 0x0000000087c00000, 0x0000000087d00000|  0%| F|  |TAMS 0x0000000087c00000, 0x0000000087c00000| Untracked 
| 125|0x0000000087d00000, 0x0000000087d00000, 0x0000000087e00000|  0%| F|  |TAMS 0x0000000087d00000, 0x0000000087d00000| Untracked 
| 126|0x0000000087e00000, 0x0000000087e00000, 0x0000000087f00000|  0%| F|  |TAMS 0x0000000087e00000, 0x0000000087e00000| Untracked 
| 127|0x0000000087f00000, 0x0000000087f00000, 0x0000000088000000|  0%| F|  |TAMS 0x0000000087f00000, 0x0000000087f00000| Untracked 
| 128|0x0000000088000000, 0x0000000088000000, 0x0000000088100000|  0%| F|  |TAMS 0x0000000088000000, 0x0000000088000000| Untracked 
| 129|0x0000000088100000, 0x0000000088100000, 0x0000000088200000|  0%| F|  |TAMS 0x0000000088100000, 0x0000000088100000| Untracked 
| 130|0x0000000088200000, 0x0000000088200000, 0x0000000088300000|  0%| F|  |TAMS 0x0000000088200000, 0x0000000088200000| Untracked 
| 131|0x0000000088300000, 0x0000000088300000, 0x0000000088400000|  0%| F|  |TAMS 0x0000000088300000, 0x0000000088300000| Untracked 
| 132|0x0000000088400000, 0x0000000088400000, 0x0000000088500000|  0%| F|  |TAMS 0x0000000088400000, 0x0000000088400000| Untracked 
| 133|0x0000000088500000, 0x0000000088500000, 0x0000000088600000|  0%| F|  |TAMS 0x0000000088500000, 0x0000000088500000| Untracked 
| 134|0x0000000088600000, 0x0000000088600000, 0x0000000088700000|  0%| F|  |TAMS 0x0000000088600000, 0x0000000088600000| Untracked 
| 135|0x0000000088700000, 0x0000000088700000, 0x0000000088800000|  0%| F|  |TAMS 0x0000000088700000, 0x0000000088700000| Untracked 
| 136|0x0000000088800000, 0x0000000088800000, 0x0000000088900000|  0%| F|  |TAMS 0x0000000088800000, 0x0000000088800000| Untracked 
| 137|0x0000000088900000, 0x0000000088900000, 0x0000000088a00000|  0%| F|  |TAMS 0x0000000088900000, 0x0000000088900000| Untracked 
| 138|0x0000000088a00000, 0x0000000088a00000, 0x0000000088b00000|  0%| F|  |TAMS 0x0000000088a00000, 0x0000000088a00000| Untracked 
| 139|0x0000000088b00000, 0x0000000088b00000, 0x0000000088c00000|  0%| F|  |TAMS 0x0000000088b00000, 0x0000000088b00000| Untracked 
| 140|0x0000000088c00000, 0x0000000088c00000, 0x0000000088d00000|  0%| F|  |TAMS 0x0000000088c00000, 0x0000000088c00000| Untracked 
| 141|0x0000000088d00000, 0x0000000088d00000, 0x0000000088e00000|  0%| F|  |TAMS 0x0000000088d00000, 0x0000000088d00000| Untracked 
| 142|0x0000000088e00000, 0x0000000088e00000, 0x0000000088f00000|  0%| F|  |TAMS 0x0000000088e00000, 0x0000000088e00000| Untracked 
| 143|0x0000000088f00000, 0x0000000088f00000, 0x0000000089000000|  0%| F|  |TAMS 0x0000000088f00000, 0x0000000088f00000| Untracked 
| 144|0x0000000089000000, 0x0000000089000000, 0x0000000089100000|  0%| F|  |TAMS 0x0000000089000000, 0x0000000089000000| Untracked 
| 145|0x0000000089100000, 0x0000000089100000, 0x0000000089200000|  0%| F|  |TAMS 0x0000000089100000, 0x0000000089100000| Untracked 
| 146|0x0000000089200000, 0x0000000089200000, 0x0000000089300000|  0%| F|  |TAMS 0x0000000089200000, 0x0000000089200000| Untracked 
| 147|0x0000000089300000, 0x0000000089300000, 0x0000000089400000|  0%| F|  |TAMS 0x0000000089300000, 0x0000000089300000| Untracked 
| 148|0x0000000089400000, 0x0000000089400000, 0x0000000089500000|  0%| F|  |TAMS 0x0000000089400000, 0x0000000089400000| Untracked 
| 149|0x0000000089500000, 0x0000000089500000, 0x0000000089600000|  0%| F|  |TAMS 0x0000000089500000, 0x0000000089500000| Untracked 
| 150|0x0000000089600000, 0x0000000089600000, 0x0000000089700000|  0%| F|  |TAMS 0x0000000089600000, 0x0000000089600000| Untracked 
| 151|0x0000000089700000, 0x0000000089700000, 0x0000000089800000|  0%| F|  |TAMS 0x0000000089700000, 0x0000000089700000| Untracked 
| 152|0x0000000089800000, 0x0000000089800000, 0x0000000089900000|  0%| F|  |TAMS 0x0000000089800000, 0x0000000089800000| Untracked 
| 153|0x0000000089900000, 0x0000000089900000, 0x0000000089a00000|  0%| F|  |TAMS 0x0000000089900000, 0x0000000089900000| Untracked 
| 154|0x0000000089a00000, 0x0000000089a00000, 0x0000000089b00000|  0%| F|  |TAMS 0x0000000089a00000, 0x0000000089a00000| Untracked 
| 155|0x0000000089b00000, 0x0000000089b00000, 0x0000000089c00000|  0%| F|  |TAMS 0x0000000089b00000, 0x0000000089b00000| Untracked 
| 156|0x0000000089c00000, 0x0000000089c00000, 0x0000000089d00000|  0%| F|  |TAMS 0x0000000089c00000, 0x0000000089c00000| Untracked 
| 157|0x0000000089d00000, 0x0000000089d00000, 0x0000000089e00000|  0%| F|  |TAMS 0x0000000089d00000, 0x0000000089d00000| Untracked 
| 158|0x0000000089e00000, 0x0000000089e00000, 0x0000000089f00000|  0%| F|  |TAMS 0x0000000089e00000, 0x0000000089e00000| Untracked 
| 159|0x0000000089f00000, 0x0000000089f00000, 0x000000008a000000|  0%| F|  |TAMS 0x0000000089f00000, 0x0000000089f00000| Untracked 
| 160|0x000000008a000000, 0x000000008a000000, 0x000000008a100000|  0%| F|  |TAMS 0x000000008a000000, 0x000000008a000000| Untracked 
| 161|0x000000008a100000, 0x000000008a100000, 0x000000008a200000|  0%| F|  |TAMS 0x000000008a100000, 0x000000008a100000| Untracked 
| 162|0x000000008a200000, 0x000000008a200000, 0x000000008a300000|  0%| F|  |TAMS 0x000000008a200000, 0x000000008a200000| Untracked 
| 163|0x000000008a300000, 0x000000008a300000, 0x000000008a400000|  0%| F|  |TAMS 0x000000008a300000, 0x000000008a300000| Untracked 
| 164|0x000000008a400000, 0x000000008a400000, 0x000000008a500000|  0%| F|  |TAMS 0x000000008a400000, 0x000000008a400000| Untracked 
| 165|0x000000008a500000, 0x000000008a500000, 0x000000008a600000|  0%| F|  |TAMS 0x000000008a500000, 0x000000008a500000| Untracked 
| 166|0x000000008a600000, 0x000000008a600000, 0x000000008a700000|  0%| F|  |TAMS 0x000000008a600000, 0x000000008a600000| Untracked 
| 167|0x000000008a700000, 0x000000008a700000, 0x000000008a800000|  0%| F|  |TAMS 0x000000008a700000, 0x000000008a700000| Untracked 
| 168|0x000000008a800000, 0x000000008a800000, 0x000000008a900000|  0%| F|  |TAMS 0x000000008a800000, 0x000000008a800000| Untracked 
| 169|0x000000008a900000, 0x000000008a900000, 0x000000008aa00000|  0%| F|  |TAMS 0x000000008a900000, 0x000000008a900000| Untracked 
| 170|0x000000008aa00000, 0x000000008aa00000, 0x000000008ab00000|  0%| F|  |TAMS 0x000000008aa00000, 0x000000008aa00000| Untracked 
| 171|0x000000008ab00000, 0x000000008ab00000, 0x000000008ac00000|  0%| F|  |TAMS 0x000000008ab00000, 0x000000008ab00000| Untracked 
| 172|0x000000008ac00000, 0x000000008ac00000, 0x000000008ad00000|  0%| F|  |TAMS 0x000000008ac00000, 0x000000008ac00000| Untracked 
| 173|0x000000008ad00000, 0x000000008ad00000, 0x000000008ae00000|  0%| F|  |TAMS 0x000000008ad00000, 0x000000008ad00000| Untracked 
| 174|0x000000008ae00000, 0x000000008ae00000, 0x000000008af00000|  0%| F|  |TAMS 0x000000008ae00000, 0x000000008ae00000| Untracked 
| 175|0x000000008af00000, 0x000000008af00000, 0x000000008b000000|  0%| F|  |TAMS 0x000000008af00000, 0x000000008af00000| Untracked 
| 176|0x000000008b000000, 0x000000008b000000, 0x000000008b100000|  0%| F|  |TAMS 0x000000008b000000, 0x000000008b000000| Untracked 
| 177|0x000000008b100000, 0x000000008b100000, 0x000000008b200000|  0%| F|  |TAMS 0x000000008b100000, 0x000000008b100000| Untracked 
| 178|0x000000008b200000, 0x000000008b300000, 0x000000008b300000|100%| E|  |TAMS 0x000000008b200000, 0x000000008b200000| Complete 
| 179|0x000000008b300000, 0x000000008b400000, 0x000000008b400000|100%| E|CS|TAMS 0x000000008b300000, 0x000000008b300000| Complete 
| 180|0x000000008b400000, 0x000000008b500000, 0x000000008b500000|100%| E|CS|TAMS 0x000000008b400000, 0x000000008b400000| Complete 
| 181|0x000000008b500000, 0x000000008b600000, 0x000000008b600000|100%| E|CS|TAMS 0x000000008b500000, 0x000000008b500000| Complete 
| 182|0x000000008b600000, 0x000000008b700000, 0x000000008b700000|100%| E|CS|TAMS 0x000000008b600000, 0x000000008b600000| Complete 
| 183|0x000000008b700000, 0x000000008b800000, 0x000000008b800000|100%| E|CS|TAMS 0x000000008b700000, 0x000000008b700000| Complete 
| 184|0x000000008b800000, 0x000000008b900000, 0x000000008b900000|100%| E|CS|TAMS 0x000000008b800000, 0x000000008b800000| Complete 
| 185|0x000000008b900000, 0x000000008ba00000, 0x000000008ba00000|100%| E|CS|TAMS 0x000000008b900000, 0x000000008b900000| Complete 
| 186|0x000000008ba00000, 0x000000008bb00000, 0x000000008bb00000|100%| E|CS|TAMS 0x000000008ba00000, 0x000000008ba00000| Complete 
| 187|0x000000008bb00000, 0x000000008bc00000, 0x000000008bc00000|100%| E|CS|TAMS 0x000000008bb00000, 0x000000008bb00000| Complete 
| 188|0x000000008bc00000, 0x000000008bd00000, 0x000000008bd00000|100%| E|CS|TAMS 0x000000008bc00000, 0x000000008bc00000| Complete 
| 189|0x000000008bd00000, 0x000000008be00000, 0x000000008be00000|100%| E|CS|TAMS 0x000000008bd00000, 0x000000008bd00000| Complete 

Card table byte_map: [0x0000024976f50000,0x0000024977350000] _byte_map_base: 0x0000024976b50000

Marking Bits (Prev, Next): (CMBitMap*) 0x0000024963d6c3b8, (CMBitMap*) 0x0000024963d6c3f0
 Prev Bits: [0x0000024977750000, 0x0000024979750000)
 Next Bits: [0x0000024979750000, 0x000002497b750000)

Polling page: 0x0000024961cd0000

Metaspace:

Usage:
  Non-class:     65.89 MB capacity,    64.82 MB ( 98%) used,   909.05 KB (  1%) free+waste,   188.94 KB ( <1%) overhead. 
      Class:     10.32 MB capacity,     9.65 MB ( 94%) used,   590.89 KB (  6%) free+waste,    88.19 KB ( <1%) overhead. 
       Both:     76.21 MB capacity,    74.47 MB ( 98%) used,     1.46 MB (  2%) free+waste,   277.13 KB ( <1%) overhead. 

Virtual space:
  Non-class space:       66.00 MB reserved,      66.00 MB (100%) committed 
      Class space:        1.00 GB reserved,      10.45 MB (  1%) committed 
             Both:        1.06 GB reserved,      76.45 MB (  7%) committed 

Chunk freelists:
   Non-Class:  51.00 KB
       Class:  27.00 KB
        Both:  78.00 KB

MaxMetaspaceSize: 17179869184.00 GB
CompressedClassSpaceSize: 1.00 GB

CodeHeap 'non-profiled nmethods': size=120000Kb used=4504Kb max_used=4504Kb free=115496Kb
 bounds [0x000002496f2f0000, 0x000002496f760000, 0x0000024976820000]
CodeHeap 'profiled nmethods': size=120000Kb used=16504Kb max_used=16504Kb free=103495Kb
 bounds [0x0000024967dc0000, 0x0000024968de0000, 0x000002496f2f0000]
CodeHeap 'non-nmethods': size=5760Kb used=2283Kb max_used=2325Kb free=3476Kb
 bounds [0x0000024967820000, 0x0000024967a90000, 0x0000024967dc0000]
 total_blobs=8403 nmethods=7537 adapters=777
 compilation: enabled
              stopped_count=0, restarted_count=0
 full_count=0

Compilation events (20 events):
Event: 13.030 Thread 0x000002497ea7c800 7567       3       org.gradle.util.DeferredUtil::unpackNestableDeferred (37 bytes)
Event: 13.031 Thread 0x000002497ea7c800 nmethod 7567 0x0000024968dd7210 code [0x0000024968dd7460, 0x0000024968dd7f68]
Event: 13.031 Thread 0x000002497ea7c800 7568       3       java.lang.invoke.LambdaFormEditor$Transform::of (49 bytes)
Event: 13.031 Thread 0x000002497ea7c800 nmethod 7568 0x0000024968dd8210 code [0x0000024968dd8460, 0x0000024968dd8d38]
Event: 13.031 Thread 0x000002497ea7c800 7569       3       java.lang.invoke.LambdaFormEditor$Transform::packedBytes (32 bytes)
Event: 13.031 Thread 0x000002497ea7c800 nmethod 7569 0x0000024968dd9090 code [0x0000024968dd9240, 0x0000024968dd9338]
Event: 13.037 Thread 0x000002497ea7c800 7570       3       java.lang.invoke.MethodHandles$Lookup::checkUnprivilegedlookupClass (38 bytes)
Event: 13.038 Thread 0x000002497ea7c800 nmethod 7570 0x0000024968dd9410 code [0x0000024968dd96e0, 0x0000024968dda268]
Event: 13.038 Thread 0x000002497ea7c800 7571       3       org.gradle.internal.instantiation.generator.AbstractClassGenerator$$Lambda$95/0x0000000100247840::apply (12 bytes)
Event: 13.038 Thread 0x000002497ea7c800 nmethod 7571 0x0000024968dda690 code [0x0000024968dda860, 0x0000024968ddaa88]
Event: 13.038 Thread 0x000002497ea7c800 7572       3       org.gradle.internal.instantiation.generator.AsmBackedClassGenerator::start (68 bytes)
Event: 13.039 Thread 0x000002497ea7c800 nmethod 7572 0x0000024968ddab90 code [0x0000024968ddae00, 0x0000024968ddb668]
Event: 13.039 Thread 0x000002497ea7c800 7573       3       org.gradle.internal.instantiation.generator.AbstractClassGenerator$ExtensibleTypePropertyHandler::startType (91 bytes)
Event: 13.040 Thread 0x000002497ea7c800 nmethod 7573 0x0000024968ddb910 code [0x0000024968ddbb60, 0x0000024968ddc378]
Event: 13.040 Thread 0x000002497ea7c800 7575       3       org.gradle.internal.instantiation.generator.AbstractClassGenerator$ExtensibleTypePropertyHandler::applyTo (95 bytes)
Event: 13.041 Thread 0x000002497ea7c800 nmethod 7575 0x0000024968ddc610 code [0x0000024968ddc880, 0x0000024968ddd268]
Event: 13.041 Thread 0x000002497ea7c800 7574       3       org.gradle.internal.instantiation.generator.AbstractClassGenerator$DslMixInPropertyType::startType (37 bytes)
Event: 13.041 Thread 0x000002497ea7c800 nmethod 7574 0x0000024968ddd610 code [0x0000024968ddd7e0, 0x0000024968ddda38]
Event: 13.042 Thread 0x000002497ea7c800 7576       3       org.gradle.api.internal.provider.AbstractMinimalProvider::get (37 bytes)
Event: 13.043 Thread 0x000002497ea7c800 nmethod 7576 0x0000024968dddb10 code [0x0000024968dddd20, 0x0000024968dde1a8]

GC Heap History (20 events):
Event: 0.797 GC heap before
{Heap before GC invocations=0 (full 0):
 garbage-first heap   total 194560K, used 29696K [0x0000000080000000, 0x0000000100000000)
  region size 1024K, 24 young (24576K), 0 survivors (0K)
 Metaspace       used 10223K, capacity 10463K, committed 10624K, reserved 1058816K
  class space    used 1063K, capacity 1109K, committed 1152K, reserved 1048576K
}
Event: 0.801 GC heap after
{Heap after GC invocations=1 (full 0):
 garbage-first heap   total 194560K, used 9281K [0x0000000080000000, 0x0000000100000000)
  region size 1024K, 3 young (3072K), 3 survivors (3072K)
 Metaspace       used 10223K, capacity 10463K, committed 10624K, reserved 1058816K
  class space    used 1063K, capacity 1109K, committed 1152K, reserved 1048576K
}
Event: 3.358 GC heap before
{Heap before GC invocations=1 (full 0):
 garbage-first heap   total 194560K, used 107585K [0x0000000080000000, 0x0000000100000000)
  region size 1024K, 100 young (102400K), 3 survivors (3072K)
 Metaspace       used 20557K, capacity 21096K, committed 21248K, reserved 1067008K
  class space    used 2504K, capacity 2690K, committed 2816K, reserved 1048576K
}
Event: 3.368 GC heap after
{Heap after GC invocations=2 (full 0):
 garbage-first heap   total 194560K, used 16564K [0x0000000080000000, 0x0000000100000000)
  region size 1024K, 11 young (11264K), 11 survivors (11264K)
 Metaspace       used 20557K, capacity 21096K, committed 21248K, reserved 1067008K
  class space    used 2504K, capacity 2690K, committed 2816K, reserved 1048576K
}
Event: 4.597 GC heap before
{Heap before GC invocations=3 (full 0):
 garbage-first heap   total 194560K, used 61620K [0x0000000080000000, 0x0000000100000000)
  region size 1024K, 55 young (56320K), 11 survivors (11264K)
 Metaspace       used 25215K, capacity 25811K, committed 26112K, reserved 1071104K
  class space    used 3276K, capacity 3457K, committed 3584K, reserved 1048576K
}
Event: 4.605 GC heap after
{Heap after GC invocations=4 (full 0):
 garbage-first heap   total 194560K, used 18806K [0x0000000080000000, 0x0000000100000000)
  region size 1024K, 3 young (3072K), 3 survivors (3072K)
 Metaspace       used 25215K, capacity 25811K, committed 26112K, reserved 1071104K
  class space    used 3276K, capacity 3457K, committed 3584K, reserved 1048576K
}
Event: 5.889 GC heap before
{Heap before GC invocations=4 (full 0):
 garbage-first heap   total 194560K, used 83318K [0x0000000080000000, 0x0000000100000000)
  region size 1024K, 68 young (69632K), 3 survivors (3072K)
 Metaspace       used 35045K, capacity 35830K, committed 35840K, reserved 1081344K
  class space    used 4544K, capacity 4864K, committed 4864K, reserved 1048576K
}
Event: 5.898 GC heap after
{Heap after GC invocations=5 (full 0):
 garbage-first heap   total 194560K, used 22068K [0x0000000080000000, 0x0000000100000000)
  region size 1024K, 6 young (6144K), 6 survivors (6144K)
 Metaspace       used 35045K, capacity 35830K, committed 35840K, reserved 1081344K
  class space    used 4544K, capacity 4864K, committed 4864K, reserved 1048576K
}
Event: 7.153 GC heap before
{Heap before GC invocations=6 (full 0):
 garbage-first heap   total 194560K, used 133684K [0x0000000080000000, 0x0000000100000000)
  region size 1024K, 112 young (114688K), 6 survivors (6144K)
 Metaspace       used 43725K, capacity 44733K, committed 45004K, reserved 1087488K
  class space    used 5592K, capacity 5966K, committed 6092K, reserved 1048576K
}
Event: 7.164 GC heap after
{Heap after GC invocations=7 (full 0):
 garbage-first heap   total 194560K, used 29264K [0x0000000080000000, 0x0000000100000000)
  region size 1024K, 13 young (13312K), 13 survivors (13312K)
 Metaspace       used 43725K, capacity 44733K, committed 45004K, reserved 1087488K
  class space    used 5592K, capacity 5966K, committed 6092K, reserved 1048576K
}
Event: 9.227 GC heap before
{Heap before GC invocations=7 (full 0):
 garbage-first heap   total 194560K, used 139856K [0x0000000080000000, 0x0000000100000000)
  region size 1024K, 114 young (116736K), 13 survivors (13312K)
 Metaspace       used 50317K, capacity 51562K, committed 51788K, reserved 1093632K
  class space    used 6413K, capacity 6901K, committed 6988K, reserved 1048576K
}
Event: 9.241 GC heap after
{Heap after GC invocations=8 (full 0):
 garbage-first heap   total 194560K, used 49742K [0x0000000080000000, 0x0000000100000000)
  region size 1024K, 15 young (15360K), 15 survivors (15360K)
 Metaspace       used 50317K, capacity 51562K, committed 51788K, reserved 1093632K
  class space    used 6413K, capacity 6901K, committed 6988K, reserved 1048576K
}
Event: 10.233 GC heap before
{Heap before GC invocations=8 (full 0):
 garbage-first heap   total 194560K, used 104014K [0x0000000080000000, 0x0000000100000000)
  region size 1024K, 69 young (70656K), 15 survivors (15360K)
 Metaspace       used 58635K, capacity 60112K, committed 60288K, reserved 1101824K
  class space    used 7436K, capacity 8040K, committed 8140K, reserved 1048576K
}
Event: 10.250 GC heap after
{Heap after GC invocations=9 (full 0):
 garbage-first heap   total 194560K, used 54528K [0x0000000080000000, 0x0000000100000000)
  region size 1024K, 4 young (4096K), 4 survivors (4096K)
 Metaspace       used 58635K, capacity 60112K, committed 60288K, reserved 1101824K
  class space    used 7436K, capacity 8040K, committed 8140K, reserved 1048576K
}
Event: 11.312 GC heap before
{Heap before GC invocations=10 (full 0):
 garbage-first heap   total 194560K, used 133376K [0x0000000080000000, 0x0000000100000000)
  region size 1024K, 81 young (82944K), 4 survivors (4096K)
 Metaspace       used 65606K, capacity 67165K, committed 67404K, reserved 1107968K
  class space    used 8316K, capacity 8923K, committed 9036K, reserved 1048576K
}
Event: 11.320 GC heap after
{Heap after GC invocations=11 (full 0):
 garbage-first heap   total 194560K, used 58667K [0x0000000080000000, 0x0000000100000000)
  region size 1024K, 8 young (8192K), 8 survivors (8192K)
 Metaspace       used 65606K, capacity 67165K, committed 67404K, reserved 1107968K
  class space    used 8316K, capacity 8923K, committed 9036K, reserved 1048576K
}
Event: 12.085 GC heap before
{Heap before GC invocations=12 (full 0):
 garbage-first heap   total 194560K, used 138539K [0x0000000080000000, 0x0000000100000000)
  region size 1024K, 86 young (88064K), 8 survivors (8192K)
 Metaspace       used 70343K, capacity 71955K, committed 72268K, reserved 1112064K
  class space    used 9081K, capacity 9684K, committed 9804K, reserved 1048576K
}
Event: 12.095 GC heap after
{Heap after GC invocations=13 (full 0):
 garbage-first heap   total 194560K, used 64502K [0x0000000080000000, 0x0000000100000000)
  region size 1024K, 11 young (11264K), 11 survivors (11264K)
 Metaspace       used 70343K, capacity 71955K, committed 72268K, reserved 1112064K
  class space    used 9081K, capacity 9684K, committed 9804K, reserved 1048576K
}
Event: 12.924 GC heap before
{Heap before GC invocations=13 (full 0):
 garbage-first heap   total 194560K, used 143350K [0x0000000080000000, 0x0000000100000000)
  region size 1024K, 88 young (90112K), 11 survivors (11264K)
 Metaspace       used 75226K, capacity 77018K, committed 77260K, reserved 1116160K
  class space    used 9739K, capacity 10420K, committed 10444K, reserved 1048576K
}
Event: 12.934 GC heap after
{Heap after GC invocations=14 (full 0):
 garbage-first heap   total 194560K, used 70586K [0x0000000080000000, 0x0000000100000000)
  region size 1024K, 6 young (6144K), 6 survivors (6144K)
 Metaspace       used 75226K, capacity 77018K, committed 77260K, reserved 1116160K
  class space    used 9739K, capacity 10420K, committed 10444K, reserved 1048576K
}

Deoptimization events (20 events):
Event: 12.674 Thread 0x0000024900e75000 DEOPT PACKING pc=0x000002496f6f5250 sp=0x00000056c65f7810
Event: 12.674 Thread 0x0000024900e75000 DEOPT UNPACKING pc=0x00000249678283af sp=0x00000056c65f77b0 mode 2
Event: 12.784 Thread 0x0000024900e75000 Uncommon trap: trap_request=0xffffff4d fr.pc=0x000002496f6a2710 relative=0x0000000000001190
Event: 12.784 Thread 0x0000024900e75000 Uncommon trap: reason=unstable_if action=reinterpret pc=0x000002496f6a2710 method=java.lang.ClassLoader.checkCerts(Ljava/lang/String;Ljava/security/CodeSource;)V @ 29 c2
Event: 12.784 Thread 0x0000024900e75000 DEOPT PACKING pc=0x000002496f6a2710 sp=0x00000056c65f50e0
Event: 12.784 Thread 0x0000024900e75000 DEOPT UNPACKING pc=0x00000249678283af sp=0x00000056c65f50a8 mode 2
Event: 12.842 Thread 0x0000024900e75000 Uncommon trap: trap_request=0xffffff4d fr.pc=0x000002496f55b94c relative=0x0000000000000c2c
Event: 12.842 Thread 0x0000024900e75000 Uncommon trap: reason=unstable_if action=reinterpret pc=0x000002496f55b94c method=com.esotericsoftware.kryo.io.Input.readString()Ljava/lang/String; @ 28 c2
Event: 12.842 Thread 0x0000024900e75000 DEOPT PACKING pc=0x000002496f55b94c sp=0x00000056c65f9200
Event: 12.842 Thread 0x0000024900e75000 DEOPT UNPACKING pc=0x00000249678283af sp=0x00000056c65f91d8 mode 2
Event: 12.843 Thread 0x0000024900e75000 Uncommon trap: trap_request=0xffffff4d fr.pc=0x000002496f5299f4 relative=0x00000000000001b4
Event: 12.843 Thread 0x0000024900e75000 Uncommon trap: reason=unstable_if action=reinterpret pc=0x000002496f5299f4 method=com.esotericsoftware.kryo.io.Input.require(I)I @ 65 c2
Event: 12.843 Thread 0x0000024900e75000 DEOPT PACKING pc=0x000002496f5299f4 sp=0x00000056c65f90a0
Event: 12.843 Thread 0x0000024900e75000 DEOPT UNPACKING pc=0x00000249678283af sp=0x00000056c65f9060 mode 2
Event: 12.878 Thread 0x0000024900e75000 Uncommon trap: trap_request=0xffffff4d fr.pc=0x000002496f6862d8 relative=0x0000000000001738
Event: 12.878 Thread 0x0000024900e75000 Uncommon trap: reason=unstable_if action=reinterpret pc=0x000002496f6862d8 method=java.util.TreeMap.put(Ljava/lang/Object;Ljava/lang/Object;)Ljava/lang/Object; @ 163 c2
Event: 12.878 Thread 0x0000024900e75000 DEOPT PACKING pc=0x000002496f6862d8 sp=0x00000056c65fb520
Event: 12.878 Thread 0x0000024900e75000 DEOPT UNPACKING pc=0x00000249678283af sp=0x00000056c65fb4f0 mode 2
Event: 13.006 Thread 0x0000024900e75000 DEOPT PACKING pc=0x00000249689e5f56 sp=0x00000056c65f9310
Event: 13.006 Thread 0x0000024900e75000 DEOPT UNPACKING pc=0x0000024967847c0e sp=0x00000056c65f88b0 mode 0

Classes redefined (0 events):
No events

Internal exceptions (20 events):
Event: 12.764 Thread 0x0000024900e75000 Exception <a 'java/lang/ClassNotFoundException'{0x00000000881b9dd0}: org/gradle/api/internal/artifacts/configurations/DefaultConfigurationContainerBeanInfo> (0x00000000881b9dd0) thrown at [./src/hotspot/share/classfile/systemDictionary.cpp, line 231]
Event: 12.764 Thread 0x0000024900e75000 Exception <a 'java/lang/ClassNotFoundException'{0x00000000881d44f0}: org/gradle/api/internal/AbstractValidatingNamedDomainObjectContainerBeanInfo> (0x00000000881d44f0) thrown at [./src/hotspot/share/classfile/systemDictionary.cpp, line 231]
Event: 12.764 Thread 0x0000024900e75000 Exception <a 'java/lang/ClassNotFoundException'{0x00000000881eedb0}: org/gradle/api/internal/AbstractValidatingNamedDomainObjectContainerCustomizer> (0x00000000881eedb0) thrown at [./src/hotspot/share/classfile/systemDictionary.cpp, line 231]
Event: 12.765 Thread 0x0000024900e75000 Exception <a 'java/lang/ClassNotFoundException'{0x0000000088024748}: org/gradle/api/internal/artifacts/configurations/DefaultConfigurationContainerCustomizer> (0x0000000088024748) thrown at [./src/hotspot/share/classfile/systemDictionary.cpp, line 231]
Event: 12.766 Thread 0x0000024900e75000 Exception <a 'java/lang/ClassNotFoundException'{0x0000000088065010}: org/gradle/api/internal/artifacts/configurations/DefaultConfigurationContainer_DecoratedCustomizer> (0x0000000088065010) thrown at [./src/hotspot/share/classfile/systemDictionary.cpp, line 231]
Event: 12.777 Thread 0x0000024900e75000 Exception <a 'java/lang/ClassNotFoundException'{0x0000000087ee5668}: org/gradle/api/internal/artifacts/configurations/DefaultConfiguration_DecoratedBeanInfo> (0x0000000087ee5668) thrown at [./src/hotspot/share/classfile/systemDictionary.cpp, line 231]
Event: 12.777 Thread 0x0000024900e75000 Exception <a 'java/lang/ClassNotFoundException'{0x0000000087d0f490}: org/gradle/api/internal/artifacts/configurations/DefaultConfigurationBeanInfo> (0x0000000087d0f490) thrown at [./src/hotspot/share/classfile/systemDictionary.cpp, line 231]
Event: 12.778 Thread 0x0000024900e75000 Exception <a 'java/lang/ClassNotFoundException'{0x0000000087d28a70}: org/gradle/api/internal/file/AbstractFileCollectionBeanInfo> (0x0000000087d28a70) thrown at [./src/hotspot/share/classfile/systemDictionary.cpp, line 231]
Event: 12.778 Thread 0x0000024900e75000 Exception <a 'java/lang/ClassNotFoundException'{0x0000000087d420a0}: org/gradle/api/internal/file/AbstractFileCollectionCustomizer> (0x0000000087d420a0) thrown at [./src/hotspot/share/classfile/systemDictionary.cpp, line 231]
Event: 12.779 Thread 0x0000024900e75000 Exception <a 'java/lang/ClassNotFoundException'{0x0000000087d7da30}: org/gradle/api/internal/artifacts/configurations/DefaultConfigurationCustomizer> (0x0000000087d7da30) thrown at [./src/hotspot/share/classfile/systemDictionary.cpp, line 231]
Event: 12.781 Thread 0x0000024900e75000 Exception <a 'java/lang/ClassNotFoundException'{0x0000000087df8ba0}: org/gradle/api/internal/artifacts/configurations/DefaultConfiguration_DecoratedCustomizer> (0x0000000087df8ba0) thrown at [./src/hotspot/share/classfile/systemDictionary.cpp, line 231]
Event: 12.784 Thread 0x0000024900e75000 Implicit null exception at 0x000002496f6a18d8 to 0x000002496f6a26fc
Event: 12.790 Thread 0x0000024900e75000 Exception <a 'java/lang/ClassNotFoundException'{0x0000000087a7e740}: org/codehaus/groovy/runtime/MethodClosureBeanInfo> (0x0000000087a7e740) thrown at [./src/hotspot/share/classfile/systemDictionary.cpp, line 231]
Event: 12.792 Thread 0x0000024900e75000 Exception <a 'java/lang/ClassNotFoundException'{0x0000000087857308}: org/codehaus/groovy/runtime/MethodClosureCustomizer> (0x0000000087857308) thrown at [./src/hotspot/share/classfile/systemDictionary.cpp, line 231]
Event: 12.795 Thread 0x0000024900e75000 Exception <a 'java/lang/ClassNotFoundException'{0x00000000878c0018}: org/gradle/api/internal/artifacts/configurations/DefaultConfiguration$ConfigurationResolvableDependencies_DecoratedBeanInfo> (0x00000000878c0018) thrown at [./src/hotspot/share/classfile/systemDictionary.cpp, line 231]
Event: 12.796 Thread 0x0000024900e75000 Exception <a 'java/lang/ClassNotFoundException'{0x00000000878f1c38}: org/gradle/api/internal/artifacts/configurations/DefaultConfiguration$ConfigurationResolvableDependenciesBeanInfo> (0x00000000878f1c38) thrown at [./src/hotspot/share/classfile/systemDictionary.cpp, line 231]
Event: 12.797 Thread 0x0000024900e75000 Exception <a 'java/lang/ClassNotFoundException'{0x00000000877256b0}: org/gradle/api/internal/artifacts/configurations/DefaultConfiguration$ConfigurationResolvableDependenciesCustomizer> (0x00000000877256b0) thrown at [./src/hotspot/share/classfile/systemDictionary.cpp, line 231]
Event: 12.797 Thread 0x0000024900e75000 Exception <a 'java/lang/ClassNotFoundException'{0x000000008776a1a8}: org/gradle/api/internal/artifacts/configurations/DefaultConfiguration$ConfigurationResolvableDependencies_DecoratedCustomizer> (0x000000008776a1a8) thrown at [./src/hotspot/share/classfile/systemDictionary.cpp, line 231]
Event: 13.052 Thread 0x0000024900e75000 Exception <a 'sun/nio/fs/WindowsException'{0x000000008b440630}> (0x000000008b440630) thrown at [./src/hotspot/share/prims/jni.cpp, line 615]
Event: 13.053 Thread 0x0000024900e75000 Exception <a 'sun/nio/fs/WindowsException'{0x000000008b440c40}> (0x000000008b440c40) thrown at [./src/hotspot/share/prims/jni.cpp, line 615]

Events (20 events):
Event: 13.064 loading class com/android/build/gradle/internal/SdkLoadingStrategy
Event: 13.064 loading class com/android/build/gradle/internal/SdkLoadingStrategy done
Event: 13.065 loading class com/android/repository/Revision$PreviewComparison
Event: 13.065 loading class com/android/repository/Revision$PreviewComparison done
Event: 13.065 loading class com/android/repository/Revision$1
Event: 13.065 loading class com/android/repository/Revision$1 done
Event: 13.066 loading class com/android/build/gradle/internal/SdkLocator
Event: 13.066 loading class com/android/build/gradle/internal/SdkLocator done
Event: 13.067 loading class com/android/build/gradle/internal/SdkLocator$SdkLocationSource
Event: 13.067 loading class com/android/build/gradle/internal/SdkLocator$SdkLocationSource done
Event: 13.067 loading class com/android/build/gradle/internal/SdkLocator$SdkLocationSource$TEST_SDK_DIRECTORY
Event: 13.067 loading class com/android/build/gradle/internal/SdkLocator$SdkLocationSource$TEST_SDK_DIRECTORY done
Event: 13.067 loading class com/android/build/gradle/internal/SdkLocator$SdkLocationSource$LOCAL_SDK_DIR
Event: 13.067 loading class com/android/build/gradle/internal/SdkLocator$SdkLocationSource$LOCAL_SDK_DIR done
Event: 13.068 loading class com/android/build/gradle/internal/SdkLocator$SdkLocationSource$LOCAL_ANDROID_DIR
Event: 13.068 loading class com/android/build/gradle/internal/SdkLocator$SdkLocationSource$LOCAL_ANDROID_DIR done
Event: 13.068 loading class com/android/build/gradle/internal/SdkLocator$SdkLocationSource$INJECTED_SDK_HOME
Event: 13.068 loading class com/android/build/gradle/internal/SdkLocator$SdkLocationSource$INJECTED_SDK_HOME done
Event: 13.069 loading class com/android/build/gradle/internal/SdkType
Event: 13.069 loading class com/android/build/gradle/internal/SdkType done


Dynamic libraries:
0x00007ff73e610000 - 0x00007ff73e61a000 	C:\Program Files\Android\Android Studio\jre\bin\java.exe
0x00007ffd1ea50000 - 0x00007ffd1ec45000 	C:\Windows\SYSTEM32\ntdll.dll
0x00007ffd1ce30000 - 0x00007ffd1ceee000 	C:\Windows\System32\KERNEL32.DLL
0x00007ffd1c1c0000 - 0x00007ffd1c488000 	C:\Windows\System32\KERNELBASE.dll
0x00007ffd195c0000 - 0x00007ffd19650000 	C:\Windows\SYSTEM32\apphelp.dll
0x00007ffd1c680000 - 0x00007ffd1c780000 	C:\Windows\System32\ucrtbase.dll
0x00007ffcef7e0000 - 0x00007ffcef7f9000 	C:\Program Files\Android\Android Studio\jre\bin\jli.dll
0x00007ffd1e120000 - 0x00007ffd1e2c0000 	C:\Windows\System32\USER32.dll
0x00007ffd1c9f0000 - 0x00007ffd1ca12000 	C:\Windows\System32\win32u.dll
0x00007ffd1dbc0000 - 0x00007ffd1dbeb000 	C:\Windows\System32\GDI32.dll
0x00007ffd1c540000 - 0x00007ffd1c64b000 	C:\Windows\System32\gdi32full.dll
0x00007ffce18f0000 - 0x00007ffce1907000 	C:\Program Files\Android\Android Studio\jre\bin\VCRUNTIME140.dll
0x00007ffd1c8e0000 - 0x00007ffd1c97d000 	C:\Windows\System32\msvcp_win.dll
0x00007ffd097a0000 - 0x00007ffd09a3a000 	C:\Windows\WinSxS\amd64_microsoft.windows.common-controls_6595b64144ccf1df_6.0.19041.1110_none_60b5254171f9507e\COMCTL32.dll
0x00007ffd1da00000 - 0x00007ffd1da9e000 	C:\Windows\System32\msvcrt.dll
0x00007ffd1d560000 - 0x00007ffd1d590000 	C:\Windows\System32\IMM32.DLL
0x00007ffcd9ed0000 - 0x00007ffcd9f6d000 	C:\Program Files\Android\Android Studio\jre\bin\msvcp140.dll
0x00007ffcff540000 - 0x00007ffd00015000 	C:\Program Files\Android\Android Studio\jre\bin\server\jvm.dll
0x00007ffd1dd90000 - 0x00007ffd1de3e000 	C:\Windows\System32\ADVAPI32.dll
0x00007ffd1cab0000 - 0x00007ffd1cb4c000 	C:\Windows\System32\sechost.dll
0x00007ffd1cbb0000 - 0x00007ffd1ccd5000 	C:\Windows\System32\RPCRT4.dll
0x00007ffd1dc50000 - 0x00007ffd1dc58000 	C:\Windows\System32\PSAPI.DLL
0x00007ffd05aa0000 - 0x00007ffd05aa9000 	C:\Windows\SYSTEM32\WSOCK32.dll
0x00007ffd07460000 - 0x00007ffd07487000 	C:\Windows\SYSTEM32\WINMM.dll
0x00007ffd08130000 - 0x00007ffd0813a000 	C:\Windows\SYSTEM32\VERSION.dll
0x00007ffd1daa0000 - 0x00007ffd1db0b000 	C:\Windows\System32\WS2_32.dll
0x00007ffd1a9d0000 - 0x00007ffd1a9e2000 	C:\Windows\SYSTEM32\kernel.appcore.dll
0x00007ffd17810000 - 0x00007ffd17821000 	C:\Program Files\Android\Android Studio\jre\bin\verify.dll
0x00007ffd19dd0000 - 0x00007ffd19fb4000 	C:\Windows\SYSTEM32\DBGHELP.DLL
0x00007ffd046d0000 - 0x00007ffd046fc000 	C:\Windows\SYSTEM32\dbgcore.DLL
0x00007ffd1ca20000 - 0x00007ffd1caa2000 	C:\Windows\System32\bcryptPrimitives.dll
0x00007ffd177e0000 - 0x00007ffd17809000 	C:\Program Files\Android\Android Studio\jre\bin\java.dll
0x00007ffd177d0000 - 0x00007ffd177db000 	C:\Program Files\Android\Android Studio\jre\bin\jimage.dll
0x00007ffd16b50000 - 0x00007ffd16b68000 	C:\Program Files\Android\Android Studio\jre\bin\zip.dll
0x00007ffd1e2c0000 - 0x00007ffd1ea04000 	C:\Windows\System32\SHELL32.dll
0x00007ffd1a220000 - 0x00007ffd1a9b4000 	C:\Windows\SYSTEM32\windows.storage.dll
0x00007ffd1d090000 - 0x00007ffd1d3e4000 	C:\Windows\System32\combase.dll
0x00007ffd1bb00000 - 0x00007ffd1bb2c000 	C:\Windows\SYSTEM32\Wldp.dll
0x00007ffd1db10000 - 0x00007ffd1dbbd000 	C:\Windows\System32\SHCORE.dll
0x00007ffd1cb50000 - 0x00007ffd1cba5000 	C:\Windows\System32\shlwapi.dll
0x00007ffd1c0b0000 - 0x00007ffd1c0cf000 	C:\Windows\SYSTEM32\profapi.dll
0x00007ffd14820000 - 0x00007ffd1483a000 	C:\Program Files\Android\Android Studio\jre\bin\net.dll
0x00007ffd13720000 - 0x00007ffd13829000 	C:\Windows\SYSTEM32\WINHTTP.dll
0x00007ffd1b810000 - 0x00007ffd1b87a000 	C:\Windows\system32\mswsock.dll
0x00007ffd14800000 - 0x00007ffd14814000 	C:\Program Files\Android\Android Studio\jre\bin\nio.dll
0x00007ffd00220000 - 0x00007ffd00247000 	C:\Users\DEV LATMOBILE\.gradle\native\8bec1ad78214c89d9ad589b4d07fe93259594b29d510b10fafb7a158f7737e5d\windows-amd64\native-platform.dll
0x00007ffd000e0000 - 0x00007ffd0021d000 	C:\Users\DEV LATMOBILE\.gradle\native\53dbd7edfb1c66fb8903c78663c9afc45aea4f116125fa6feffd364cf09443e8\windows-amd64\native-platform-file-events.dll
0x00007ffd177c0000 - 0x00007ffd177ca000 	C:\Program Files\Android\Android Studio\jre\bin\management.dll
0x00007ffd16b40000 - 0x00007ffd16b4d000 	C:\Program Files\Android\Android Studio\jre\bin\management_ext.dll
0x00007ffd1b9f0000 - 0x00007ffd1ba08000 	C:\Windows\SYSTEM32\CRYPTSP.dll
0x00007ffd1b1a0000 - 0x00007ffd1b1d4000 	C:\Windows\system32\rsaenh.dll
0x00007ffd1c650000 - 0x00007ffd1c677000 	C:\Windows\System32\bcrypt.dll
0x00007ffd1c070000 - 0x00007ffd1c09e000 	C:\Windows\SYSTEM32\USERENV.dll
0x00007ffd1ba10000 - 0x00007ffd1ba1c000 	C:\Windows\SYSTEM32\CRYPTBASE.dll
0x00007ffd1b520000 - 0x00007ffd1b55b000 	C:\Windows\SYSTEM32\IPHLPAPI.DLL
0x00007ffd1dd80000 - 0x00007ffd1dd88000 	C:\Windows\System32\NSI.dll
0x00007ffd11c10000 - 0x00007ffd11c27000 	C:\Windows\SYSTEM32\dhcpcsvc6.DLL
0x00007ffd10de0000 - 0x00007ffd10dfd000 	C:\Windows\SYSTEM32\dhcpcsvc.DLL
0x00007ffd1b560000 - 0x00007ffd1b62a000 	C:\Windows\SYSTEM32\DNSAPI.dll

dbghelp: loaded successfully - version: 4.0.5 - missing functions: none
symbol engine: initialized successfully - sym options: 0x614 - pdb path: .;C:\Program Files\Android\Android Studio\jre\bin;C:\Windows\SYSTEM32;C:\Windows\WinSxS\amd64_microsoft.windows.common-controls_6595b64144ccf1df_6.0.19041.1110_none_60b5254171f9507e;C:\Program Files\Android\Android Studio\jre\bin\server;C:\Users\DEV LATMOBILE\.gradle\native\8bec1ad78214c89d9ad589b4d07fe93259594b29d510b10fafb7a158f7737e5d\windows-amd64;C:\Users\DEV LATMOBILE\.gradle\native\53dbd7edfb1c66fb8903c78663c9afc45aea4f116125fa6feffd364cf09443e8\windows-amd64

VM Arguments:
jvm_args: --add-opens=java.base/java.util=ALL-UNNAMED --add-opens=java.base/java.lang=ALL-UNNAMED --add-opens=java.base/java.lang.invoke=ALL-UNNAMED --add-opens=java.base/java.util=ALL-UNNAMED --add-opens=java.prefs/java.util.prefs=ALL-UNNAMED --add-opens=java.prefs/java.util.prefs=ALL-UNNAMED --add-opens=java.base/java.nio.charset=ALL-UNNAMED --add-opens=java.base/java.net=ALL-UNNAMED --add-opens=java.base/java.util.concurrent.atomic=ALL-UNNAMED -Xmx2048m -Dfile.encoding=UTF-8 -Duser.country=SV -Duser.language=es -Duser.variant 
java_command: org.gradle.launcher.daemon.bootstrap.GradleDaemon 7.0.2
java_class_path (initial): C:\Users\DEV LATMOBILE\.gradle\wrapper\dists\gradle-7.0.2-bin\857tjihv64xamwrf0h14cai3r\gradle-7.0.2\lib\gradle-launcher-7.0.2.jar
Launcher Type: SUN_STANDARD

[Global flags]
     intx CICompilerCount                          = 4                                         {product} {ergonomic}
     uint ConcGCThreads                            = 2                                         {product} {ergonomic}
     uint G1ConcRefinementThreads                  = 8                                         {product} {ergonomic}
   size_t G1HeapRegionSize                         = 1048576                                   {product} {ergonomic}
    uintx GCDrainStackTargetSize                   = 64                                        {product} {ergonomic}
   size_t InitialHeapSize                          = 199229440                                 {product} {ergonomic}
   size_t MarkStackSize                            = 4194304                                   {product} {ergonomic}
   size_t MaxHeapSize                              = 2147483648                                {product} {command line}
   size_t MaxNewSize                               = 1287651328                                {product} {ergonomic}
   size_t MinHeapDeltaBytes                        = 1048576                                   {product} {ergonomic}
    uintx NonNMethodCodeHeapSize                   = 5836300                                {pd product} {ergonomic}
    uintx NonProfiledCodeHeapSize                  = 122910970                              {pd product} {ergonomic}
    uintx ProfiledCodeHeapSize                     = 122910970                              {pd product} {ergonomic}
    uintx ReservedCodeCacheSize                    = 251658240                              {pd product} {ergonomic}
     bool SegmentedCodeCache                       = true                                      {product} {ergonomic}
     bool UseCompressedClassPointers               = true                                 {lp64_product} {ergonomic}
     bool UseCompressedOops                        = true                                 {lp64_product} {ergonomic}
     bool UseG1GC                                  = true                                      {product} {ergonomic}
     bool UseLargePagesIndividualAllocation        = false                                  {pd product} {ergonomic}

Logging:
Log output configuration:
 #0: stdout all=warning uptime,level,tags
 #1: stderr all=off uptime,level,tags

Environment Variables:
JAVA_HOME=C:\Program Files\Eclipse Adoptium\jdk-11.0.14.101-hotspot\
PATH=C:\Program Files\Eclipse Adoptium\jdk-11.0.14.101-hotspot\bin;C:\Program Files\Common Files\Oracle\Java\javapath;C:\Windows\system32;C:\Windows;C:\Windows\System32\Wbem;C:\Windows\System32\WindowsPowerShell\v1.0\;C:\Windows\System32\OpenSSH\;C:\Program Files\Git\cmd;C:\Program Files\nodejs\;C:\Users\DEV LATMOBILE\AppData\Local\Microsoft\WindowsApps;;C:\Users\DEV LATMOBILE\AppData\Local\Programs\Microsoft VS Code\bin;C:\Users\DEV LATMOBILE\AppData\Roaming\npm
USERNAME=DEV LATMOBILE
OS=Windows_NT
PROCESSOR_IDENTIFIER=Intel64 Family 6 Model 126 Stepping 5, GenuineIntel



---------------  S Y S T E M  ---------------

OS: Windows 10 , 64 bit Build 19041 (10.0.19041.1566)
OS uptime: 0 days 0:25 hours
Hyper-V role detected

CPU:total 8 (initial active 8) (4 cores per cpu, 2 threads per core) family 6 model 126 stepping 5 microcode 0xa6, cmov, cx8, fxsr, mmx, sse, sse2, sse3, ssse3, sse4.1, sse4.2, popcnt, avx, avx2, aes, clmul, erms, 3dnowpref, lzcnt, ht, tsc, tscinvbit, bmi1, bmi2, adx, evex, sha, fma

Memory: 4k page, system-wide physical 12055M (335M free)
TotalPageFile size 48919M (AvailPageFile size 7M)
current process WorkingSet (physical memory assigned to process): 416M, peak: 416M
current process commit charge ("private bytes"): 452M, peak: 455M

vm_info: OpenJDK 64-Bit Server VM (11.0.11+9-b60-7590822) for windows-amd64 JRE (11.0.11+9-b60-7590822), built on Jul 29 2021 21:43:44 by "builder" with MS VC++ 14.0 (VS2015)

END.
